<?xml version="1.0" encoding="UTF-8"?>
<!-- Generated by org.testng.reporters.JUnitReportReporter -->
<testsuite hostname="19-11-004" failures="0" tests="1" name="testCases.NavigationBarTest" time="0.077" errors="0" timestamp="2022-11-21T13:14:06 EET" skipped="0">
  <testcase classname="testCases.NavigationBarTest" name="verifyNaviagationBarIsDisplayed" time="0.077"/>
  <system-out/>
</testsuite> <!-- testCases.NavigationBarTest -->
