<?xml version="1.0" encoding="UTF-8"?>
<!-- Generated by org.testng.reporters.JUnitReportReporter -->
<testsuite hostname="19-11-004" failures="0" tests="1" name="deleteIt.NewTest" time="0.007" errors="0" timestamp="2022-11-20T15:17:08 EET" skipped="0">
  <testcase classname="deleteIt.NewTest" name="f" time="0.007"/>
  <system-out/>
</testsuite> <!-- deleteIt.NewTest -->
