<?xml version="1.0" encoding="UTF-8"?>
<!-- Generated by org.testng.reporters.JUnitReportReporter -->
<testsuite hostname="19-11-004" failures="0" tests="1" name="testCases.loggerTest" time="0.017" errors="0" timestamp="2022-11-29T13:06:41 EET" skipped="0">
  <testcase classname="testCases.loggerTest" name="AssertEquaL" time="0.017"/>
  <system-out/>
</testsuite> <!-- testCases.loggerTest -->
