<?xml version="1.0" encoding="UTF-8"?>
<!-- Generated by org.testng.reporters.JUnitReportReporter -->
<testsuite hostname="19-11-004" failures="0" tests="1" name="testCases.LoginScenarios" time="0.526" errors="0" timestamp="2022-11-21T14:30:20 EET" skipped="0">
  <testcase classname="testCases.LoginScenarios" name="verifyUserLogin" time="0.526"/>
  <system-out/>
</testsuite> <!-- testCases.LoginScenarios -->
