<?xml version="1.0" encoding="UTF-8"?>
<!-- Generated by org.testng.reporters.JUnitReportReporter -->
<testsuite hostname="19-11-004" failures="0" tests="2" name="testCases.LoginScenarios" time="0.327" errors="0" timestamp="2022-11-27T11:52:14 EET" skipped="1">
  <testcase classname="testCases.LoginScenarios" name="verifyUserLogin" time="0.327"/>
  <system-out/>
  <testcase classname="testCases.LoginScenarios" name="verifyUserLoginDataProvider">
    <skipped/>
  </testcase> <!-- verifyUserLoginDataProvider -->
  <system-out/>
</testsuite> <!-- testCases.LoginScenarios -->
